<!DOCTYPE html>

<html>
  <head>
  <meta charset='utf-8'>
  <title>TestNG reports</title>

    <link type="text/css" href="testng-reports1.css" rel="stylesheet" id="ultra" />
    <link type="text/css" href="testng-reports.css" rel="stylesheet" id="retro" disabled="false"/>
    <script type="text/javascript" src="jquery.min.js"></script>
    <script type="text/javascript" src="testng-reports.js"></script>
    <script type="text/javascript" src="https://www.google.com/jsapi"></script>
    <script type='text/javascript'>
      google.load('visualization', '1', {packages:['table']});
      google.setOnLoadCallback(drawTable);
      var suiteTableInitFunctions = new Array();
      var suiteTableData = new Array();
    </script>
    <!--
      <script type="text/javascript" src="jquery-ui/js/jquery-ui-1.8.16.custom.min.js"></script>
     -->
  </head>

  <body>
    <div class="top-banner-root">
      <span class="top-banner-title-font">Test results</span>
      <button class="button" id="button">Switch Retro Theme</button> <!-- button -->
      <br/>
      <span class="top-banner-font-1">1 suite, 13 failed tests</span>
    </div> <!-- top-banner-root -->
    <div class="navigator-root">
      <div class="navigator-suite-header">
        <span>All suites</span>
        <a href="#" class="collapse-all-link" title="Collapse/expand all the suites">
          <img class="collapse-all-icon" src="collapseall.gif">
          </img> <!-- collapse-all-icon -->
        </a> <!-- collapse-all-link -->
      </div> <!-- navigator-suite-header -->
      <div class="suite">
        <div class="rounded-window">
          <div class="suite-header light-rounded-window-top">
            <a href="#" class="navigator-link" panel-name="suite-Suite">
              <span class="suite-name border-failed">Suite</span>
            </a> <!-- navigator-link -->
          </div> <!-- suite-header light-rounded-window-top -->
          <div class="navigator-suite-content">
            <div class="suite-section-title">
              <span>Info</span>
            </div> <!-- suite-section-title -->
            <div class="suite-section-content">
              <ul>
                <li>
                  <a href="#" class="navigator-link " panel-name="test-xml-Suite">
                    <span>C:\Users\softe\eclipse-workspace\Inn-flow\Inn-flow\src\test\resources\RunTime.xml</span>
                  </a> <!-- navigator-link  -->
                </li>
                <li>
                  <a href="#" class="navigator-link " panel-name="testlist-Suite">
                    <span class="test-stats">1 test</span>
                  </a> <!-- navigator-link  -->
                </li>
                <li>
                  <a href="#" class="navigator-link " panel-name="group-Suite">
                    <span>0 groups</span>
                  </a> <!-- navigator-link  -->
                </li>
                <li>
                  <a href="#" class="navigator-link " panel-name="times-Suite">
                    <span>Times</span>
                  </a> <!-- navigator-link  -->
                </li>
                <li>
                  <a href="#" class="navigator-link " panel-name="reporter-Suite">
                    <span>Reporter output</span>
                  </a> <!-- navigator-link  -->
                </li>
                <li>
                  <a href="#" class="navigator-link " panel-name="ignored-methods-Suite">
                    <span>Ignored methods</span>
                  </a> <!-- navigator-link  -->
                </li>
                <li>
                  <a href="#" class="navigator-link " panel-name="chronological-Suite">
                    <span>Chronological view</span>
                  </a> <!-- navigator-link  -->
                </li>
              </ul>
            </div> <!-- suite-section-content -->
            <div class="result-section">
              <div class="suite-section-title">
                <span>Results</span>
              </div> <!-- suite-section-title -->
              <div class="suite-section-content">
                <ul>
                  <li>
                    <span class="method-stats">18 methods, 13 failed,   5 passed</span>
                  </li>
                  <li>
                    <span class="method-list-title failed">Failed methods</span>
                    <span class="show-or-hide-methods failed">
                      <a href="#" panel-name="suite-Suite" class="hide-methods failed suite-Suite"> (hide)</a> <!-- hide-methods failed suite-Suite -->
                      <a href="#" panel-name="suite-Suite" class="show-methods failed suite-Suite"> (show)</a> <!-- show-methods failed suite-Suite -->
                    </span>
                    <div class="method-list-content failed suite-Suite">
                      <span>
                        <img width="3%" src="failed.png"/>
                        <a href="#" class="method navigator-link" panel-name="suite-Suite" title="testCases.TestCase_TC04" hash-for-method="chakeEnabilityByclickElement">chakeEnabilityByclickElement</a> <!-- method navigator-link -->
                      </span>
                      <br/>
                      <span>
                        <img width="3%" src="failed.png"/>
                        <a href="#" class="method navigator-link" panel-name="suite-Suite" title="testCases.TestCase_TC04" hash-for-method="crtNewUserWithPayroll">crtNewUserWithPayroll</a> <!-- method navigator-link -->
                      </span>
                      <br/>
                      <span>
                        <img width="3%" src="failed.png"/>
                        <a href="#" class="method navigator-link" panel-name="suite-Suite" title="testCases.TestCase_TC04" hash-for-method="crtNewUserWithoutPayroll">crtNewUserWithoutPayroll</a> <!-- method navigator-link -->
                      </span>
                      <br/>
                      <span>
                        <img width="3%" src="failed.png"/>
                        <a href="#" class="method navigator-link" panel-name="suite-Suite" title="testCases.TestCase_TC04" hash-for-method="validateAddNewUserDetails">validateAddNewUserDetails</a> <!-- method navigator-link -->
                      </span>
                      <br/>
                      <span>
                        <img width="3%" src="failed.png"/>
                        <a href="#" class="method navigator-link" panel-name="suite-Suite" title="testCases.TestCase_TC04" hash-for-method="validateDocumentPage_Type">validateDocumentPage_Type</a> <!-- method navigator-link -->
                      </span>
                      <br/>
                      <span>
                        <img width="3%" src="failed.png"/>
                        <a href="#" class="method navigator-link" panel-name="suite-Suite" title="testCases.TestCase_TC04" hash-for-method="validateDocumentPage_uploadFile">validateDocumentPage_uploadFile</a> <!-- method navigator-link -->
                      </span>
                      <br/>
                      <span>
                        <img width="3%" src="failed.png"/>
                        <a href="#" class="method navigator-link" panel-name="suite-Suite" title="testCases.TestCase_TC04" hash-for-method="validateEnabilityOfUserPage">validateEnabilityOfUserPage</a> <!-- method navigator-link -->
                      </span>
                      <br/>
                      <span>
                        <img width="3%" src="failed.png"/>
                        <a href="#" class="method navigator-link" panel-name="suite-Suite" title="testCases.TestCase_TC04" hash-for-method="validateFilterByRolls">validateFilterByRolls</a> <!-- method navigator-link -->
                      </span>
                      <br/>
                      <span>
                        <img width="3%" src="failed.png"/>
                        <a href="#" class="method navigator-link" panel-name="suite-Suite" title="testCases.TestCase_TC04" hash-for-method="validateNonSalaryExamptFromOT">validateNonSalaryExamptFromOT</a> <!-- method navigator-link -->
                      </span>
                      <br/>
                      <span>
                        <img width="3%" src="failed.png"/>
                        <a href="#" class="method navigator-link" panel-name="suite-Suite" title="testCases.TestCase_TC04" hash-for-method="validateSalaryExamptFromOT">validateSalaryExamptFromOT</a> <!-- method navigator-link -->
                      </span>
                      <br/>
                      <span>
                        <img width="3%" src="failed.png"/>
                        <a href="#" class="method navigator-link" panel-name="suite-Suite" title="testCases.TestCase_TC04" hash-for-method="validateSearchBox">validateSearchBox</a> <!-- method navigator-link -->
                      </span>
                      <br/>
                      <span>
                        <img width="3%" src="failed.png"/>
                        <a href="#" class="method navigator-link" panel-name="suite-Suite" title="testCases.TestCase_TC04" hash-for-method="validate_AddPTOTab">validate_AddPTOTab</a> <!-- method navigator-link -->
                      </span>
                      <br/>
                      <span>
                        <img width="3%" src="failed.png"/>
                        <a href="#" class="method navigator-link" panel-name="suite-Suite" title="testCases.TestCase_TC04" hash-for-method="validate_AddReviewTab">validate_AddReviewTab</a> <!-- method navigator-link -->
                      </span>
                      <br/>
                    </div> <!-- method-list-content failed suite-Suite -->
                  </li>
                  <li>
                    <span class="method-list-title passed">Passed methods</span>
                    <span class="show-or-hide-methods passed">
                      <a href="#" panel-name="suite-Suite" class="hide-methods passed suite-Suite"> (hide)</a> <!-- hide-methods passed suite-Suite -->
                      <a href="#" panel-name="suite-Suite" class="show-methods passed suite-Suite"> (show)</a> <!-- show-methods passed suite-Suite -->
                    </span>
                    <div class="method-list-content passed suite-Suite">
                      <span>
                        <img width="3%" src="passed.png"/>
                        <a href="#" class="method navigator-link" panel-name="suite-Suite" title="testCases.TestCase_TC04" hash-for-method="validateFilterByEHID">validateFilterByEHID</a> <!-- method navigator-link -->
                      </span>
                      <br/>
                      <span>
                        <img width="3%" src="passed.png"/>
                        <a href="#" class="method navigator-link" panel-name="suite-Suite" title="testCases.TestCase_TC04" hash-for-method="validateFilterByPayType">validateFilterByPayType</a> <!-- method navigator-link -->
                      </span>
                      <br/>
                      <span>
                        <img width="3%" src="passed.png"/>
                        <a href="#" class="method navigator-link" panel-name="suite-Suite" title="testCases.TestCase_TC04" hash-for-method="validateFilterByStatus">validateFilterByStatus</a> <!-- method navigator-link -->
                      </span>
                      <br/>
                      <span>
                        <img width="3%" src="passed.png"/>
                        <a href="#" class="method navigator-link" panel-name="suite-Suite" title="testCases.TestCase_TC04" hash-for-method="validateShortingTab">validateShortingTab</a> <!-- method navigator-link -->
                      </span>
                      <br/>
                      <span>
                        <img width="3%" src="passed.png"/>
                        <a href="#" class="method navigator-link" panel-name="suite-Suite" title="testCases.TestCase_TC04" hash-for-method="validate_ExportButton">validate_ExportButton</a> <!-- method navigator-link -->
                      </span>
                      <br/>
                    </div> <!-- method-list-content passed suite-Suite -->
                  </li>
                </ul>
              </div> <!-- suite-section-content -->
            </div> <!-- result-section -->
          </div> <!-- navigator-suite-content -->
        </div> <!-- rounded-window -->
      </div> <!-- suite -->
    </div> <!-- navigator-root -->
    <div class="wrapper">
      <div class="main-panel-root">
        <div panel-name="suite-Suite" class="panel Suite">
          <div class="suite-Suite-class-failed">
            <div class="main-panel-header rounded-window-top">
              <img src="failed.png"/>
              <span class="class-name">testCases.TestCase_TC04</span>
            </div> <!-- main-panel-header rounded-window-top -->
            <div class="main-panel-content rounded-window-bottom">
              <div class="method">
                <div class="method-content">
                  <a name="chakeEnabilityByclickElement">
                  </a> <!-- chakeEnabilityByclickElement -->
                  <span class="method-name">chakeEnabilityByclickElement</span>
                  <div class="stack-trace">org.openqa.selenium.NoSuchElementException: no such element: Unable to locate element: {&quot;method&quot;:&quot;xpath&quot;,&quot;selector&quot;:&quot;//img[@alt=&apos;Administration&apos;]&quot;}
  (Session info: chrome=103.0.5060.114)
For documentation on this error, please visit: https://www.seleniumhq.org/exceptions/no_such_element.html
Build info: version: &apos;3.141.59&apos;, revision: &apos;e82be7d358&apos;, time: &apos;2018-11-14T08:17:03&apos;
System info: host: &apos;SURAJ&apos;, ip: &apos;192.168.191.171&apos;, os.name: &apos;Windows 10&apos;, os.arch: &apos;amd64&apos;, os.version: &apos;10.0&apos;, java.version: &apos;1.8.0_202&apos;
Driver info: org.openqa.selenium.chrome.ChromeDriver
Capabilities {acceptInsecureCerts: false, browserName: chrome, browserVersion: 103.0.5060.114, chrome: {chromedriverVersion: 103.0.5060.53 (a1711811edd7..., userDataDir: C:\Users\softe\AppData\Loca...}, goog:chromeOptions: {debuggerAddress: localhost:54355}, javascriptEnabled: true, networkConnectionEnabled: false, pageLoadStrategy: normal, platform: WINDOWS, platformName: WINDOWS, proxy: Proxy(), setWindowRect: true, strictFileInteractability: false, timeouts: {implicit: 0, pageLoad: 300000, script: 30000}, unhandledPromptBehavior: dismiss and notify, webauthn:extension:credBlob: true, webauthn:extension:largeBlob: true, webauthn:virtualAuthenticators: true}
Session ID: a90f97075eb1bead4e9e4e2ed8bd89a2
*** Element info: {Using=xpath, value=//img[@alt=&apos;Administration&apos;]}
	at org.openqa.selenium.remote.http.W3CHttpResponseCodec.createException(W3CHttpResponseCodec.java:187)
	at org.openqa.selenium.remote.http.W3CHttpResponseCodec.decode(W3CHttpResponseCodec.java:122)
	at org.openqa.selenium.remote.http.W3CHttpResponseCodec.decode(W3CHttpResponseCodec.java:49)
	at org.openqa.selenium.remote.HttpCommandExecutor.execute(HttpCommandExecutor.java:158)
	at org.openqa.selenium.remote.service.DriverCommandExecutor.execute(DriverCommandExecutor.java:83)
	at org.openqa.selenium.remote.RemoteWebDriver.execute(RemoteWebDriver.java:552)
	at org.openqa.selenium.remote.RemoteWebDriver.findElement(RemoteWebDriver.java:323)
	at org.openqa.selenium.remote.RemoteWebDriver.findElementByXPath(RemoteWebDriver.java:428)
	at org.openqa.selenium.By$ByXPath.findElement(By.java:353)
	at org.openqa.selenium.remote.RemoteWebDriver.findElement(RemoteWebDriver.java:315)
	at webUtills.WebUtills.getElement(WebUtills.java:155)
	at webUtills.WebUtills.mouseOver(WebUtills.java:494)
	at pages.administration.Admin.NavigateToUsersPage(Admin.java:23)
	at testCases.TestCase_TC04.chakeEnabilityByclickElement(TestCase_TC04.java:87)
	at java.util.ArrayList.forEach(ArrayList.java:1257)
	at runTimexml.CreateTestNGXML.writeXML(CreateTestNGXML.java:112)
	at java.util.ArrayList.forEach(ArrayList.java:1257)
... Removed 59 stack frames
</div> <!-- stack-trace -->
                </div> <!-- method-content -->
              </div> <!-- method -->
              <div class="method">
                <div class="method-content">
                  <a name="crtNewUserWithPayroll">
                  </a> <!-- crtNewUserWithPayroll -->
                  <span class="method-name">crtNewUserWithPayroll</span>
                  <div class="stack-trace">org.openqa.selenium.NoSuchElementException: no such element: Unable to locate element: {&quot;method&quot;:&quot;xpath&quot;,&quot;selector&quot;:&quot;//div[@class=&apos;calender-display&apos;]&quot;}
  (Session info: chrome=103.0.5060.114)
For documentation on this error, please visit: https://www.seleniumhq.org/exceptions/no_such_element.html
Build info: version: &apos;3.141.59&apos;, revision: &apos;e82be7d358&apos;, time: &apos;2018-11-14T08:17:03&apos;
System info: host: &apos;SURAJ&apos;, ip: &apos;192.168.191.171&apos;, os.name: &apos;Windows 10&apos;, os.arch: &apos;amd64&apos;, os.version: &apos;10.0&apos;, java.version: &apos;1.8.0_202&apos;
Driver info: org.openqa.selenium.chrome.ChromeDriver
Capabilities {acceptInsecureCerts: false, browserName: chrome, browserVersion: 103.0.5060.114, chrome: {chromedriverVersion: 103.0.5060.53 (a1711811edd7..., userDataDir: C:\Users\softe\AppData\Loca...}, goog:chromeOptions: {debuggerAddress: localhost:53805}, javascriptEnabled: true, networkConnectionEnabled: false, pageLoadStrategy: normal, platform: WINDOWS, platformName: WINDOWS, proxy: Proxy(), setWindowRect: true, strictFileInteractability: false, timeouts: {implicit: 0, pageLoad: 300000, script: 30000}, unhandledPromptBehavior: dismiss and notify, webauthn:extension:credBlob: true, webauthn:extension:largeBlob: true, webauthn:virtualAuthenticators: true}
Session ID: 7f9e640271f2af51880e4dadecfa321f
*** Element info: {Using=xpath, value=//div[@class=&apos;calender-display&apos;]}
	at org.openqa.selenium.remote.http.W3CHttpResponseCodec.createException(W3CHttpResponseCodec.java:187)
	at org.openqa.selenium.remote.http.W3CHttpResponseCodec.decode(W3CHttpResponseCodec.java:122)
	at org.openqa.selenium.remote.http.W3CHttpResponseCodec.decode(W3CHttpResponseCodec.java:49)
	at org.openqa.selenium.remote.HttpCommandExecutor.execute(HttpCommandExecutor.java:158)
	at org.openqa.selenium.remote.service.DriverCommandExecutor.execute(DriverCommandExecutor.java:83)
	at org.openqa.selenium.remote.RemoteWebDriver.execute(RemoteWebDriver.java:552)
	at org.openqa.selenium.remote.RemoteWebDriver.findElement(RemoteWebDriver.java:323)
	at org.openqa.selenium.remote.RemoteWebDriver.findElementByXPath(RemoteWebDriver.java:428)
	at org.openqa.selenium.By$ByXPath.findElement(By.java:353)
	at org.openqa.selenium.remote.RemoteWebDriver.findElement(RemoteWebDriver.java:315)
	at webUtills.WebUtills.getElement(WebUtills.java:155)
	at webUtills.WebUtills.click_Act(WebUtills.java:467)
	at pages.UserManagment.Users.calanderMaintains(Users.java:92)
	at pages.UserManagment.Users.addUserDetails(Users.java:74)
	at testCases.TestCase_TC04.crtNewUserWithPayroll(TestCase_TC04.java:71)
	at java.util.ArrayList.forEach(ArrayList.java:1257)
	at runTimexml.CreateTestNGXML.writeXML(CreateTestNGXML.java:112)
	at java.util.ArrayList.forEach(ArrayList.java:1257)
... Removed 59 stack frames
</div> <!-- stack-trace -->
                </div> <!-- method-content -->
              </div> <!-- method -->
              <div class="method">
                <div class="method-content">
                  <a name="crtNewUserWithoutPayroll">
                  </a> <!-- crtNewUserWithoutPayroll -->
                  <span class="method-name">crtNewUserWithoutPayroll</span>
                  <div class="stack-trace">org.openqa.selenium.NoSuchElementException: no such element: Unable to locate element: {&quot;method&quot;:&quot;xpath&quot;,&quot;selector&quot;:&quot;//div[@class=&apos;calender-display&apos;]&quot;}
  (Session info: chrome=103.0.5060.114)
For documentation on this error, please visit: https://www.seleniumhq.org/exceptions/no_such_element.html
Build info: version: &apos;3.141.59&apos;, revision: &apos;e82be7d358&apos;, time: &apos;2018-11-14T08:17:03&apos;
System info: host: &apos;SURAJ&apos;, ip: &apos;192.168.191.171&apos;, os.name: &apos;Windows 10&apos;, os.arch: &apos;amd64&apos;, os.version: &apos;10.0&apos;, java.version: &apos;1.8.0_202&apos;
Driver info: org.openqa.selenium.chrome.ChromeDriver
Capabilities {acceptInsecureCerts: false, browserName: chrome, browserVersion: 103.0.5060.114, chrome: {chromedriverVersion: 103.0.5060.53 (a1711811edd7..., userDataDir: C:\Users\softe\AppData\Loca...}, goog:chromeOptions: {debuggerAddress: localhost:53166}, javascriptEnabled: true, networkConnectionEnabled: false, pageLoadStrategy: normal, platform: WINDOWS, platformName: WINDOWS, proxy: Proxy(), setWindowRect: true, strictFileInteractability: false, timeouts: {implicit: 0, pageLoad: 300000, script: 30000}, unhandledPromptBehavior: dismiss and notify, webauthn:extension:credBlob: true, webauthn:extension:largeBlob: true, webauthn:virtualAuthenticators: true}
Session ID: 48fc1095dd3c9cd908c186f932b036bf
*** Element info: {Using=xpath, value=//div[@class=&apos;calender-display&apos;]}
	at org.openqa.selenium.remote.http.W3CHttpResponseCodec.createException(W3CHttpResponseCodec.java:187)
	at org.openqa.selenium.remote.http.W3CHttpResponseCodec.decode(W3CHttpResponseCodec.java:122)
	at org.openqa.selenium.remote.http.W3CHttpResponseCodec.decode(W3CHttpResponseCodec.java:49)
	at org.openqa.selenium.remote.HttpCommandExecutor.execute(HttpCommandExecutor.java:158)
	at org.openqa.selenium.remote.service.DriverCommandExecutor.execute(DriverCommandExecutor.java:83)
	at org.openqa.selenium.remote.RemoteWebDriver.execute(RemoteWebDriver.java:552)
	at org.openqa.selenium.remote.RemoteWebDriver.findElement(RemoteWebDriver.java:323)
	at org.openqa.selenium.remote.RemoteWebDriver.findElementByXPath(RemoteWebDriver.java:428)
	at org.openqa.selenium.By$ByXPath.findElement(By.java:353)
	at org.openqa.selenium.remote.RemoteWebDriver.findElement(RemoteWebDriver.java:315)
	at webUtills.WebUtills.getElement(WebUtills.java:155)
	at webUtills.WebUtills.click_Act(WebUtills.java:467)
	at pages.UserManagment.Users.calanderMaintains(Users.java:92)
	at pages.UserManagment.Users.addUserDetails(Users.java:74)
	at testCases.TestCase_TC04.crtNewUserWithoutPayroll(TestCase_TC04.java:52)
	at java.util.ArrayList.forEach(ArrayList.java:1257)
	at runTimexml.CreateTestNGXML.writeXML(CreateTestNGXML.java:112)
	at java.util.ArrayList.forEach(ArrayList.java:1257)
... Removed 59 stack frames
</div> <!-- stack-trace -->
                </div> <!-- method-content -->
              </div> <!-- method -->
              <div class="method">
                <div class="method-content">
                  <a name="validateAddNewUserDetails">
                  </a> <!-- validateAddNewUserDetails -->
                  <span class="method-name">validateAddNewUserDetails</span>
                  <div class="stack-trace">org.openqa.selenium.NoSuchElementException: no such element: Unable to locate element: {&quot;method&quot;:&quot;xpath&quot;,&quot;selector&quot;:&quot;//div[@class=&apos;user-details align-items-center&apos;]/div&quot;}
  (Session info: chrome=103.0.5060.114)
For documentation on this error, please visit: https://www.seleniumhq.org/exceptions/no_such_element.html
Build info: version: &apos;3.141.59&apos;, revision: &apos;e82be7d358&apos;, time: &apos;2018-11-14T08:17:03&apos;
System info: host: &apos;SURAJ&apos;, ip: &apos;192.168.191.171&apos;, os.name: &apos;Windows 10&apos;, os.arch: &apos;amd64&apos;, os.version: &apos;10.0&apos;, java.version: &apos;1.8.0_202&apos;
Driver info: org.openqa.selenium.chrome.ChromeDriver
Capabilities {acceptInsecureCerts: false, browserName: chrome, browserVersion: 103.0.5060.114, chrome: {chromedriverVersion: 103.0.5060.53 (a1711811edd7..., userDataDir: C:\Users\softe\AppData\Loca...}, goog:chromeOptions: {debuggerAddress: localhost:52873}, javascriptEnabled: true, networkConnectionEnabled: false, pageLoadStrategy: normal, platform: WINDOWS, platformName: WINDOWS, proxy: Proxy(), setWindowRect: true, strictFileInteractability: false, timeouts: {implicit: 0, pageLoad: 300000, script: 30000}, unhandledPromptBehavior: dismiss and notify, webauthn:extension:credBlob: true, webauthn:extension:largeBlob: true, webauthn:virtualAuthenticators: true}
Session ID: 9b6fe2dd071a226189be6f95d8ca0dec
*** Element info: {Using=xpath, value=//div[@class=&apos;user-details align-items-center&apos;]/div}
	at org.openqa.selenium.remote.http.W3CHttpResponseCodec.createException(W3CHttpResponseCodec.java:187)
	at org.openqa.selenium.remote.http.W3CHttpResponseCodec.decode(W3CHttpResponseCodec.java:122)
	at org.openqa.selenium.remote.http.W3CHttpResponseCodec.decode(W3CHttpResponseCodec.java:49)
	at org.openqa.selenium.remote.HttpCommandExecutor.execute(HttpCommandExecutor.java:158)
	at org.openqa.selenium.remote.service.DriverCommandExecutor.execute(DriverCommandExecutor.java:83)
	at org.openqa.selenium.remote.RemoteWebDriver.execute(RemoteWebDriver.java:552)
	at org.openqa.selenium.remote.RemoteWebDriver.findElement(RemoteWebDriver.java:323)
	at org.openqa.selenium.remote.RemoteWebDriver.findElementByXPath(RemoteWebDriver.java:428)
	at org.openqa.selenium.By$ByXPath.findElement(By.java:353)
	at org.openqa.selenium.remote.RemoteWebDriver.findElement(RemoteWebDriver.java:315)
	at webUtills.WebUtills.getElement(WebUtills.java:155)
	at webUtills.WebUtills.verifyTextByContains(WebUtills.java:238)
	at pages.UserManagment.Users.ValidateUserName(Users.java:87)
	at testCases.TestCase_TC04.validateAddNewUserDetails(TestCase_TC04.java:40)
	at java.util.ArrayList.forEach(ArrayList.java:1257)
	at runTimexml.CreateTestNGXML.writeXML(CreateTestNGXML.java:112)
	at java.util.ArrayList.forEach(ArrayList.java:1257)
... Removed 59 stack frames
</div> <!-- stack-trace -->
                </div> <!-- method-content -->
              </div> <!-- method -->
              <div class="method">
                <div class="method-content">
                  <a name="validateDocumentPage_Type">
                  </a> <!-- validateDocumentPage_Type -->
                  <span class="method-name">validateDocumentPage_Type</span>
                  <div class="stack-trace">org.openqa.selenium.NoSuchElementException: no such element: Unable to locate element: {&quot;method&quot;:&quot;xpath&quot;,&quot;selector&quot;:&quot;//div[@class=&apos;calender-display&apos;]&quot;}
  (Session info: chrome=103.0.5060.114)
For documentation on this error, please visit: https://www.seleniumhq.org/exceptions/no_such_element.html
Build info: version: &apos;3.141.59&apos;, revision: &apos;e82be7d358&apos;, time: &apos;2018-11-14T08:17:03&apos;
System info: host: &apos;SURAJ&apos;, ip: &apos;192.168.191.171&apos;, os.name: &apos;Windows 10&apos;, os.arch: &apos;amd64&apos;, os.version: &apos;10.0&apos;, java.version: &apos;1.8.0_202&apos;
Driver info: org.openqa.selenium.chrome.ChromeDriver
Capabilities {acceptInsecureCerts: false, browserName: chrome, browserVersion: 103.0.5060.114, chrome: {chromedriverVersion: 103.0.5060.53 (a1711811edd7..., userDataDir: C:\Users\softe\AppData\Loca...}, goog:chromeOptions: {debuggerAddress: localhost:58117}, javascriptEnabled: true, networkConnectionEnabled: false, pageLoadStrategy: normal, platform: WINDOWS, platformName: WINDOWS, proxy: Proxy(), setWindowRect: true, strictFileInteractability: false, timeouts: {implicit: 0, pageLoad: 300000, script: 30000}, unhandledPromptBehavior: dismiss and notify, webauthn:extension:credBlob: true, webauthn:extension:largeBlob: true, webauthn:virtualAuthenticators: true}
Session ID: 6d99c47472029990ae792d665d49d6fb
*** Element info: {Using=xpath, value=//div[@class=&apos;calender-display&apos;]}
	at org.openqa.selenium.remote.http.W3CHttpResponseCodec.createException(W3CHttpResponseCodec.java:187)
	at org.openqa.selenium.remote.http.W3CHttpResponseCodec.decode(W3CHttpResponseCodec.java:122)
	at org.openqa.selenium.remote.http.W3CHttpResponseCodec.decode(W3CHttpResponseCodec.java:49)
	at org.openqa.selenium.remote.HttpCommandExecutor.execute(HttpCommandExecutor.java:158)
	at org.openqa.selenium.remote.service.DriverCommandExecutor.execute(DriverCommandExecutor.java:83)
	at org.openqa.selenium.remote.RemoteWebDriver.execute(RemoteWebDriver.java:552)
	at org.openqa.selenium.remote.RemoteWebDriver.findElement(RemoteWebDriver.java:323)
	at org.openqa.selenium.remote.RemoteWebDriver.findElementByXPath(RemoteWebDriver.java:428)
	at org.openqa.selenium.By$ByXPath.findElement(By.java:353)
	at org.openqa.selenium.remote.RemoteWebDriver.findElement(RemoteWebDriver.java:315)
	at webUtills.WebUtills.getElement(WebUtills.java:155)
	at webUtills.WebUtills.click_Act(WebUtills.java:467)
	at pages.UserManagment.Users.calanderMaintains(Users.java:92)
	at pages.UserManagment.Users.addUserDetails(Users.java:74)
	at testCases.TestCase_TC04.validateDocumentPage_Type(TestCase_TC04.java:204)
	at java.util.ArrayList.forEach(ArrayList.java:1257)
	at runTimexml.CreateTestNGXML.writeXML(CreateTestNGXML.java:112)
	at java.util.ArrayList.forEach(ArrayList.java:1257)
... Removed 59 stack frames
</div> <!-- stack-trace -->
                </div> <!-- method-content -->
              </div> <!-- method -->
              <div class="method">
                <div class="method-content">
                  <a name="validateDocumentPage_uploadFile">
                  </a> <!-- validateDocumentPage_uploadFile -->
                  <span class="method-name">validateDocumentPage_uploadFile</span>
                  <div class="stack-trace">org.openqa.selenium.NoSuchElementException: no such element: Unable to locate element: {&quot;method&quot;:&quot;xpath&quot;,&quot;selector&quot;:&quot;//div[@class=&apos;calender-display&apos;]&quot;}
  (Session info: chrome=103.0.5060.114)
For documentation on this error, please visit: https://www.seleniumhq.org/exceptions/no_such_element.html
Build info: version: &apos;3.141.59&apos;, revision: &apos;e82be7d358&apos;, time: &apos;2018-11-14T08:17:03&apos;
System info: host: &apos;SURAJ&apos;, ip: &apos;192.168.191.171&apos;, os.name: &apos;Windows 10&apos;, os.arch: &apos;amd64&apos;, os.version: &apos;10.0&apos;, java.version: &apos;1.8.0_202&apos;
Driver info: org.openqa.selenium.chrome.ChromeDriver
Capabilities {acceptInsecureCerts: false, browserName: chrome, browserVersion: 103.0.5060.114, chrome: {chromedriverVersion: 103.0.5060.53 (a1711811edd7..., userDataDir: C:\Users\softe\AppData\Loca...}, goog:chromeOptions: {debuggerAddress: localhost:58643}, javascriptEnabled: true, networkConnectionEnabled: false, pageLoadStrategy: normal, platform: WINDOWS, platformName: WINDOWS, proxy: Proxy(), setWindowRect: true, strictFileInteractability: false, timeouts: {implicit: 0, pageLoad: 300000, script: 30000}, unhandledPromptBehavior: dismiss and notify, webauthn:extension:credBlob: true, webauthn:extension:largeBlob: true, webauthn:virtualAuthenticators: true}
Session ID: cf5977d2e58be9b254fa9f078a30bf34
*** Element info: {Using=xpath, value=//div[@class=&apos;calender-display&apos;]}
	at org.openqa.selenium.remote.http.W3CHttpResponseCodec.createException(W3CHttpResponseCodec.java:187)
	at org.openqa.selenium.remote.http.W3CHttpResponseCodec.decode(W3CHttpResponseCodec.java:122)
	at org.openqa.selenium.remote.http.W3CHttpResponseCodec.decode(W3CHttpResponseCodec.java:49)
	at org.openqa.selenium.remote.HttpCommandExecutor.execute(HttpCommandExecutor.java:158)
	at org.openqa.selenium.remote.service.DriverCommandExecutor.execute(DriverCommandExecutor.java:83)
	at org.openqa.selenium.remote.RemoteWebDriver.execute(RemoteWebDriver.java:552)
	at org.openqa.selenium.remote.RemoteWebDriver.findElement(RemoteWebDriver.java:323)
	at org.openqa.selenium.remote.RemoteWebDriver.findElementByXPath(RemoteWebDriver.java:428)
	at org.openqa.selenium.By$ByXPath.findElement(By.java:353)
	at org.openqa.selenium.remote.RemoteWebDriver.findElement(RemoteWebDriver.java:315)
	at webUtills.WebUtills.getElement(WebUtills.java:155)
	at webUtills.WebUtills.click_Act(WebUtills.java:467)
	at pages.UserManagment.Users.calanderMaintains(Users.java:92)
	at pages.UserManagment.Users.addUserDetails(Users.java:74)
	at testCases.TestCase_TC04.validateDocumentPage_uploadFile(TestCase_TC04.java:239)
	at java.util.ArrayList.forEach(ArrayList.java:1257)
	at runTimexml.CreateTestNGXML.writeXML(CreateTestNGXML.java:112)
	at java.util.ArrayList.forEach(ArrayList.java:1257)
... Removed 59 stack frames
</div> <!-- stack-trace -->
                </div> <!-- method-content -->
              </div> <!-- method -->
              <div class="method">
                <div class="method-content">
                  <a name="validateEnabilityOfUserPage">
                  </a> <!-- validateEnabilityOfUserPage -->
                  <span class="method-name">validateEnabilityOfUserPage</span>
                  <div class="stack-trace">org.openqa.selenium.NoSuchElementException: no such element: Unable to locate element: {&quot;method&quot;:&quot;xpath&quot;,&quot;selector&quot;:&quot;//img[@alt=&apos;Administration&apos;]&quot;}
  (Session info: chrome=103.0.5060.114)
For documentation on this error, please visit: https://www.seleniumhq.org/exceptions/no_such_element.html
Build info: version: &apos;3.141.59&apos;, revision: &apos;e82be7d358&apos;, time: &apos;2018-11-14T08:17:03&apos;
System info: host: &apos;SURAJ&apos;, ip: &apos;192.168.191.171&apos;, os.name: &apos;Windows 10&apos;, os.arch: &apos;amd64&apos;, os.version: &apos;10.0&apos;, java.version: &apos;1.8.0_202&apos;
Driver info: org.openqa.selenium.chrome.ChromeDriver
Capabilities {acceptInsecureCerts: false, browserName: chrome, browserVersion: 103.0.5060.114, chrome: {chromedriverVersion: 103.0.5060.53 (a1711811edd7..., userDataDir: C:\Users\softe\AppData\Loca...}, goog:chromeOptions: {debuggerAddress: localhost:50968}, javascriptEnabled: true, networkConnectionEnabled: false, pageLoadStrategy: normal, platform: WINDOWS, platformName: WINDOWS, proxy: Proxy(), setWindowRect: true, strictFileInteractability: false, timeouts: {implicit: 0, pageLoad: 300000, script: 30000}, unhandledPromptBehavior: dismiss and notify, webauthn:extension:credBlob: true, webauthn:extension:largeBlob: true, webauthn:virtualAuthenticators: true}
Session ID: 16a74d1494f2f4d479976be6062bfc22
*** Element info: {Using=xpath, value=//img[@alt=&apos;Administration&apos;]}
	at org.openqa.selenium.remote.http.W3CHttpResponseCodec.createException(W3CHttpResponseCodec.java:187)
	at org.openqa.selenium.remote.http.W3CHttpResponseCodec.decode(W3CHttpResponseCodec.java:122)
	at org.openqa.selenium.remote.http.W3CHttpResponseCodec.decode(W3CHttpResponseCodec.java:49)
	at org.openqa.selenium.remote.HttpCommandExecutor.execute(HttpCommandExecutor.java:158)
	at org.openqa.selenium.remote.service.DriverCommandExecutor.execute(DriverCommandExecutor.java:83)
	at org.openqa.selenium.remote.RemoteWebDriver.execute(RemoteWebDriver.java:552)
	at org.openqa.selenium.remote.RemoteWebDriver.findElement(RemoteWebDriver.java:323)
	at org.openqa.selenium.remote.RemoteWebDriver.findElementByXPath(RemoteWebDriver.java:428)
	at org.openqa.selenium.By$ByXPath.findElement(By.java:353)
	at org.openqa.selenium.remote.RemoteWebDriver.findElement(RemoteWebDriver.java:315)
	at webUtills.WebUtills.getElement(WebUtills.java:155)
	at webUtills.WebUtills.mouseOver(WebUtills.java:494)
	at pages.administration.Admin.NavigateToUsersPage(Admin.java:23)
	at testCases.TestCase_TC04.validateEnabilityOfUserPage(TestCase_TC04.java:25)
	at java.util.ArrayList.forEach(ArrayList.java:1257)
	at runTimexml.CreateTestNGXML.writeXML(CreateTestNGXML.java:112)
	at java.util.ArrayList.forEach(ArrayList.java:1257)
... Removed 59 stack frames
</div> <!-- stack-trace -->
                </div> <!-- method-content -->
              </div> <!-- method -->
              <div class="method">
                <div class="method-content">
                  <a name="validateFilterByRolls">
                  </a> <!-- validateFilterByRolls -->
                  <span class="method-name">validateFilterByRolls</span>
                  <div class="stack-trace">org.openqa.selenium.NoSuchElementException: no such element: Unable to locate element: {&quot;method&quot;:&quot;xpath&quot;,&quot;selector&quot;:&quot;//div/span[contains(text(),&apos;Corporate Controller&apos;)]&quot;}
  (Session info: chrome=103.0.5060.114)
For documentation on this error, please visit: https://www.seleniumhq.org/exceptions/no_such_element.html
Build info: version: &apos;3.141.59&apos;, revision: &apos;e82be7d358&apos;, time: &apos;2018-11-14T08:17:03&apos;
System info: host: &apos;SURAJ&apos;, ip: &apos;192.168.191.171&apos;, os.name: &apos;Windows 10&apos;, os.arch: &apos;amd64&apos;, os.version: &apos;10.0&apos;, java.version: &apos;1.8.0_202&apos;
Driver info: org.openqa.selenium.chrome.ChromeDriver
Capabilities {acceptInsecureCerts: false, browserName: chrome, browserVersion: 103.0.5060.114, chrome: {chromedriverVersion: 103.0.5060.53 (a1711811edd7..., userDataDir: C:\Users\softe\AppData\Loca...}, goog:chromeOptions: {debuggerAddress: localhost:55779}, javascriptEnabled: true, networkConnectionEnabled: false, pageLoadStrategy: normal, platform: WINDOWS, platformName: WINDOWS, proxy: Proxy(), setWindowRect: true, strictFileInteractability: false, timeouts: {implicit: 0, pageLoad: 300000, script: 30000}, unhandledPromptBehavior: dismiss and notify, webauthn:extension:credBlob: true, webauthn:extension:largeBlob: true, webauthn:virtualAuthenticators: true}
Session ID: 39f0bbb974fa9436e8aeb4542156f50c
*** Element info: {Using=xpath, value=//div/span[contains(text(),&apos;Corporate Controller&apos;)]}
	at org.openqa.selenium.remote.http.W3CHttpResponseCodec.createException(W3CHttpResponseCodec.java:187)
	at org.openqa.selenium.remote.http.W3CHttpResponseCodec.decode(W3CHttpResponseCodec.java:122)
	at org.openqa.selenium.remote.http.W3CHttpResponseCodec.decode(W3CHttpResponseCodec.java:49)
	at org.openqa.selenium.remote.HttpCommandExecutor.execute(HttpCommandExecutor.java:158)
	at org.openqa.selenium.remote.service.DriverCommandExecutor.execute(DriverCommandExecutor.java:83)
	at org.openqa.selenium.remote.RemoteWebDriver.execute(RemoteWebDriver.java:552)
	at org.openqa.selenium.remote.RemoteWebDriver.findElement(RemoteWebDriver.java:323)
	at org.openqa.selenium.remote.RemoteWebDriver.findElementByXPath(RemoteWebDriver.java:428)
	at org.openqa.selenium.By$ByXPath.findElement(By.java:353)
	at org.openqa.selenium.remote.RemoteWebDriver.findElement(RemoteWebDriver.java:315)
	at webUtills.WebUtills.getElement(WebUtills.java:155)
	at webUtills.WebUtills.verifyText(WebUtills.java:215)
	at pages.UserManagment.Users.filterByRollsAndValidate(Users.java:177)
	at testCases.TestCase_TC04.validateFilterByRolls(TestCase_TC04.java:127)
	at java.util.ArrayList.forEach(ArrayList.java:1257)
	at runTimexml.CreateTestNGXML.writeXML(CreateTestNGXML.java:112)
	at java.util.ArrayList.forEach(ArrayList.java:1257)
... Removed 59 stack frames
</div> <!-- stack-trace -->
                </div> <!-- method-content -->
              </div> <!-- method -->
              <div class="method">
                <div class="method-content">
                  <a name="validateNonSalaryExamptFromOT">
                  </a> <!-- validateNonSalaryExamptFromOT -->
                  <span class="method-name">validateNonSalaryExamptFromOT</span>
                  <div class="stack-trace">org.openqa.selenium.NoSuchElementException: no such element: Unable to locate element: {&quot;method&quot;:&quot;xpath&quot;,&quot;selector&quot;:&quot;//div[@class=&apos;calender-display&apos;]&quot;}
  (Session info: chrome=103.0.5060.114)
For documentation on this error, please visit: https://www.seleniumhq.org/exceptions/no_such_element.html
Build info: version: &apos;3.141.59&apos;, revision: &apos;e82be7d358&apos;, time: &apos;2018-11-14T08:17:03&apos;
System info: host: &apos;SURAJ&apos;, ip: &apos;192.168.191.171&apos;, os.name: &apos;Windows 10&apos;, os.arch: &apos;amd64&apos;, os.version: &apos;10.0&apos;, java.version: &apos;1.8.0_202&apos;
Driver info: org.openqa.selenium.chrome.ChromeDriver
Capabilities {acceptInsecureCerts: false, browserName: chrome, browserVersion: 103.0.5060.114, chrome: {chromedriverVersion: 103.0.5060.53 (a1711811edd7..., userDataDir: C:\Users\softe\AppData\Loca...}, goog:chromeOptions: {debuggerAddress: localhost:59428}, javascriptEnabled: true, networkConnectionEnabled: false, pageLoadStrategy: normal, platform: WINDOWS, platformName: WINDOWS, proxy: Proxy(), setWindowRect: true, strictFileInteractability: false, timeouts: {implicit: 0, pageLoad: 300000, script: 30000}, unhandledPromptBehavior: dismiss and notify, webauthn:extension:credBlob: true, webauthn:extension:largeBlob: true, webauthn:virtualAuthenticators: true}
Session ID: 97df19c1097cca2f4f1458790cbe0ef9
*** Element info: {Using=xpath, value=//div[@class=&apos;calender-display&apos;]}
	at org.openqa.selenium.remote.http.W3CHttpResponseCodec.createException(W3CHttpResponseCodec.java:187)
	at org.openqa.selenium.remote.http.W3CHttpResponseCodec.decode(W3CHttpResponseCodec.java:122)
	at org.openqa.selenium.remote.http.W3CHttpResponseCodec.decode(W3CHttpResponseCodec.java:49)
	at org.openqa.selenium.remote.HttpCommandExecutor.execute(HttpCommandExecutor.java:158)
	at org.openqa.selenium.remote.service.DriverCommandExecutor.execute(DriverCommandExecutor.java:83)
	at org.openqa.selenium.remote.RemoteWebDriver.execute(RemoteWebDriver.java:552)
	at org.openqa.selenium.remote.RemoteWebDriver.findElement(RemoteWebDriver.java:323)
	at org.openqa.selenium.remote.RemoteWebDriver.findElementByXPath(RemoteWebDriver.java:428)
	at org.openqa.selenium.By$ByXPath.findElement(By.java:353)
	at org.openqa.selenium.remote.RemoteWebDriver.findElement(RemoteWebDriver.java:315)
	at webUtills.WebUtills.getElement(WebUtills.java:155)
	at webUtills.WebUtills.click_Act(WebUtills.java:467)
	at pages.UserManagment.Users.calanderMaintains(Users.java:92)
	at pages.UserManagment.Users.addUserDetails(Users.java:74)
	at testCases.TestCase_TC04.validateNonSalaryExamptFromOT(TestCase_TC04.java:282)
	at java.util.ArrayList.forEach(ArrayList.java:1257)
	at runTimexml.CreateTestNGXML.writeXML(CreateTestNGXML.java:112)
	at java.util.ArrayList.forEach(ArrayList.java:1257)
... Removed 59 stack frames
</div> <!-- stack-trace -->
                </div> <!-- method-content -->
              </div> <!-- method -->
              <div class="method">
                <div class="method-content">
                  <a name="validateSalaryExamptFromOT">
                  </a> <!-- validateSalaryExamptFromOT -->
                  <span class="method-name">validateSalaryExamptFromOT</span>
                  <div class="stack-trace">org.openqa.selenium.NoSuchElementException: no such element: Unable to locate element: {&quot;method&quot;:&quot;xpath&quot;,&quot;selector&quot;:&quot;//div[@class=&apos;calender-display&apos;]&quot;}
  (Session info: chrome=103.0.5060.114)
For documentation on this error, please visit: https://www.seleniumhq.org/exceptions/no_such_element.html
Build info: version: &apos;3.141.59&apos;, revision: &apos;e82be7d358&apos;, time: &apos;2018-11-14T08:17:03&apos;
System info: host: &apos;SURAJ&apos;, ip: &apos;192.168.191.171&apos;, os.name: &apos;Windows 10&apos;, os.arch: &apos;amd64&apos;, os.version: &apos;10.0&apos;, java.version: &apos;1.8.0_202&apos;
Driver info: org.openqa.selenium.chrome.ChromeDriver
Capabilities {acceptInsecureCerts: false, browserName: chrome, browserVersion: 103.0.5060.114, chrome: {chromedriverVersion: 103.0.5060.53 (a1711811edd7..., userDataDir: C:\Users\softe\AppData\Loca...}, goog:chromeOptions: {debuggerAddress: localhost:58987}, javascriptEnabled: true, networkConnectionEnabled: false, pageLoadStrategy: normal, platform: WINDOWS, platformName: WINDOWS, proxy: Proxy(), setWindowRect: true, strictFileInteractability: false, timeouts: {implicit: 0, pageLoad: 300000, script: 30000}, unhandledPromptBehavior: dismiss and notify, webauthn:extension:credBlob: true, webauthn:extension:largeBlob: true, webauthn:virtualAuthenticators: true}
Session ID: 913ba6dbdccb7d801c0024489afeef3e
*** Element info: {Using=xpath, value=//div[@class=&apos;calender-display&apos;]}
	at org.openqa.selenium.remote.http.W3CHttpResponseCodec.createException(W3CHttpResponseCodec.java:187)
	at org.openqa.selenium.remote.http.W3CHttpResponseCodec.decode(W3CHttpResponseCodec.java:122)
	at org.openqa.selenium.remote.http.W3CHttpResponseCodec.decode(W3CHttpResponseCodec.java:49)
	at org.openqa.selenium.remote.HttpCommandExecutor.execute(HttpCommandExecutor.java:158)
	at org.openqa.selenium.remote.service.DriverCommandExecutor.execute(DriverCommandExecutor.java:83)
	at org.openqa.selenium.remote.RemoteWebDriver.execute(RemoteWebDriver.java:552)
	at org.openqa.selenium.remote.RemoteWebDriver.findElement(RemoteWebDriver.java:323)
	at org.openqa.selenium.remote.RemoteWebDriver.findElementByXPath(RemoteWebDriver.java:428)
	at org.openqa.selenium.By$ByXPath.findElement(By.java:353)
	at org.openqa.selenium.remote.RemoteWebDriver.findElement(RemoteWebDriver.java:315)
	at webUtills.WebUtills.getElement(WebUtills.java:155)
	at webUtills.WebUtills.click_Act(WebUtills.java:467)
	at pages.UserManagment.Users.calanderMaintains(Users.java:92)
	at pages.UserManagment.Users.addUserDetails(Users.java:74)
	at testCases.TestCase_TC04.validateSalaryExamptFromOT(TestCase_TC04.java:264)
	at java.util.ArrayList.forEach(ArrayList.java:1257)
	at runTimexml.CreateTestNGXML.writeXML(CreateTestNGXML.java:112)
	at java.util.ArrayList.forEach(ArrayList.java:1257)
... Removed 59 stack frames
</div> <!-- stack-trace -->
                </div> <!-- method-content -->
              </div> <!-- method -->
              <div class="method">
                <div class="method-content">
                  <a name="validateSearchBox">
                  </a> <!-- validateSearchBox -->
                  <span class="method-name">validateSearchBox</span>
                  <div class="stack-trace">org.openqa.selenium.NoSuchElementException: no such element: Unable to locate element: {&quot;method&quot;:&quot;css selector&quot;,&quot;selector&quot;:&quot;input#formBasicEmail&quot;}
  (Session info: chrome=103.0.5060.114)
For documentation on this error, please visit: https://www.seleniumhq.org/exceptions/no_such_element.html
Build info: version: &apos;3.141.59&apos;, revision: &apos;e82be7d358&apos;, time: &apos;2018-11-14T08:17:03&apos;
System info: host: &apos;SURAJ&apos;, ip: &apos;192.168.191.171&apos;, os.name: &apos;Windows 10&apos;, os.arch: &apos;amd64&apos;, os.version: &apos;10.0&apos;, java.version: &apos;1.8.0_202&apos;
Driver info: org.openqa.selenium.chrome.ChromeDriver
Capabilities {acceptInsecureCerts: false, browserName: chrome, browserVersion: 103.0.5060.114, chrome: {chromedriverVersion: 103.0.5060.53 (a1711811edd7..., userDataDir: C:\Users\softe\AppData\Loca...}, goog:chromeOptions: {debuggerAddress: localhost:54812}, javascriptEnabled: true, networkConnectionEnabled: false, pageLoadStrategy: normal, platform: WINDOWS, platformName: WINDOWS, proxy: Proxy(), setWindowRect: true, strictFileInteractability: false, timeouts: {implicit: 0, pageLoad: 300000, script: 30000}, unhandledPromptBehavior: dismiss and notify, webauthn:extension:credBlob: true, webauthn:extension:largeBlob: true, webauthn:virtualAuthenticators: true}
Session ID: fb48e51e084ca7eb0ad7b1b479cf78fc
*** Element info: {Using=css selector, value=input#formBasicEmail}
	at org.openqa.selenium.remote.http.W3CHttpResponseCodec.createException(W3CHttpResponseCodec.java:187)
	at org.openqa.selenium.remote.http.W3CHttpResponseCodec.decode(W3CHttpResponseCodec.java:122)
	at org.openqa.selenium.remote.http.W3CHttpResponseCodec.decode(W3CHttpResponseCodec.java:49)
	at org.openqa.selenium.remote.HttpCommandExecutor.execute(HttpCommandExecutor.java:158)
	at org.openqa.selenium.remote.service.DriverCommandExecutor.execute(DriverCommandExecutor.java:83)
	at org.openqa.selenium.remote.RemoteWebDriver.execute(RemoteWebDriver.java:552)
	at org.openqa.selenium.remote.RemoteWebDriver.findElement(RemoteWebDriver.java:323)
	at org.openqa.selenium.remote.RemoteWebDriver.findElementByCssSelector(RemoteWebDriver.java:420)
	at org.openqa.selenium.By$ByCssSelector.findElement(By.java:431)
	at org.openqa.selenium.remote.RemoteWebDriver.findElement(RemoteWebDriver.java:315)
	at webUtills.WebUtills.getElement(WebUtills.java:155)
	at webUtills.WebUtills.sendKeys(WebUtills.java:181)
	at basePage.BasePage.validUserLogIn(BasePage.java:53)
	at testCases.TestCase_TC04.validateSearchBox(TestCase_TC04.java:94)
	at java.util.ArrayList.forEach(ArrayList.java:1257)
	at runTimexml.CreateTestNGXML.writeXML(CreateTestNGXML.java:112)
	at java.util.ArrayList.forEach(ArrayList.java:1257)
... Removed 59 stack frames
</div> <!-- stack-trace -->
                </div> <!-- method-content -->
              </div> <!-- method -->
              <div class="method">
                <div class="method-content">
                  <a name="validate_AddPTOTab">
                  </a> <!-- validate_AddPTOTab -->
                  <span class="method-name">validate_AddPTOTab</span>
                  <div class="stack-trace">org.openqa.selenium.NoSuchElementException: no such element: Unable to locate element: {&quot;method&quot;:&quot;xpath&quot;,&quot;selector&quot;:&quot;//div[@class=&apos;calender-display&apos;]&quot;}
  (Session info: chrome=103.0.5060.114)
For documentation on this error, please visit: https://www.seleniumhq.org/exceptions/no_such_element.html
Build info: version: &apos;3.141.59&apos;, revision: &apos;e82be7d358&apos;, time: &apos;2018-11-14T08:17:03&apos;
System info: host: &apos;SURAJ&apos;, ip: &apos;192.168.191.171&apos;, os.name: &apos;Windows 10&apos;, os.arch: &apos;amd64&apos;, os.version: &apos;10.0&apos;, java.version: &apos;1.8.0_202&apos;
Driver info: org.openqa.selenium.chrome.ChromeDriver
Capabilities {acceptInsecureCerts: false, browserName: chrome, browserVersion: 103.0.5060.114, chrome: {chromedriverVersion: 103.0.5060.53 (a1711811edd7..., userDataDir: C:\Users\softe\AppData\Loca...}, goog:chromeOptions: {debuggerAddress: localhost:57245}, javascriptEnabled: true, networkConnectionEnabled: false, pageLoadStrategy: normal, platform: WINDOWS, platformName: WINDOWS, proxy: Proxy(), setWindowRect: true, strictFileInteractability: false, timeouts: {implicit: 0, pageLoad: 300000, script: 30000}, unhandledPromptBehavior: dismiss and notify, webauthn:extension:credBlob: true, webauthn:extension:largeBlob: true, webauthn:virtualAuthenticators: true}
Session ID: 97150b8c44bc61130418fcbf81de1293
*** Element info: {Using=xpath, value=//div[@class=&apos;calender-display&apos;]}
	at org.openqa.selenium.remote.http.W3CHttpResponseCodec.createException(W3CHttpResponseCodec.java:187)
	at org.openqa.selenium.remote.http.W3CHttpResponseCodec.decode(W3CHttpResponseCodec.java:122)
	at org.openqa.selenium.remote.http.W3CHttpResponseCodec.decode(W3CHttpResponseCodec.java:49)
	at org.openqa.selenium.remote.HttpCommandExecutor.execute(HttpCommandExecutor.java:158)
	at org.openqa.selenium.remote.service.DriverCommandExecutor.execute(DriverCommandExecutor.java:83)
	at org.openqa.selenium.remote.RemoteWebDriver.execute(RemoteWebDriver.java:552)
	at org.openqa.selenium.remote.RemoteWebDriver.findElement(RemoteWebDriver.java:323)
	at org.openqa.selenium.remote.RemoteWebDriver.findElementByXPath(RemoteWebDriver.java:428)
	at org.openqa.selenium.By$ByXPath.findElement(By.java:353)
	at org.openqa.selenium.remote.RemoteWebDriver.findElement(RemoteWebDriver.java:315)
	at webUtills.WebUtills.getElement(WebUtills.java:155)
	at webUtills.WebUtills.click_Act(WebUtills.java:467)
	at pages.UserManagment.Users.calanderMaintains(Users.java:92)
	at pages.UserManagment.Users.addUserDetails(Users.java:74)
	at testCases.TestCase_TC04.validate_AddPTOTab(TestCase_TC04.java:159)
	at java.util.ArrayList.forEach(ArrayList.java:1257)
	at runTimexml.CreateTestNGXML.writeXML(CreateTestNGXML.java:112)
	at java.util.ArrayList.forEach(ArrayList.java:1257)
... Removed 59 stack frames
</div> <!-- stack-trace -->
                </div> <!-- method-content -->
              </div> <!-- method -->
              <div class="method">
                <div class="method-content">
                  <a name="validate_AddReviewTab">
                  </a> <!-- validate_AddReviewTab -->
                  <span class="method-name">validate_AddReviewTab</span>
                  <div class="stack-trace">org.openqa.selenium.NoSuchElementException: no such element: Unable to locate element: {&quot;method&quot;:&quot;xpath&quot;,&quot;selector&quot;:&quot;//div[@class=&apos;calender-display&apos;]&quot;}
  (Session info: chrome=103.0.5060.114)
For documentation on this error, please visit: https://www.seleniumhq.org/exceptions/no_such_element.html
Build info: version: &apos;3.141.59&apos;, revision: &apos;e82be7d358&apos;, time: &apos;2018-11-14T08:17:03&apos;
System info: host: &apos;SURAJ&apos;, ip: &apos;192.168.191.171&apos;, os.name: &apos;Windows 10&apos;, os.arch: &apos;amd64&apos;, os.version: &apos;10.0&apos;, java.version: &apos;1.8.0_202&apos;
Driver info: org.openqa.selenium.chrome.ChromeDriver
Capabilities {acceptInsecureCerts: false, browserName: chrome, browserVersion: 103.0.5060.114, chrome: {chromedriverVersion: 103.0.5060.53 (a1711811edd7..., userDataDir: C:\Users\softe\AppData\Loca...}, goog:chromeOptions: {debuggerAddress: localhost:57653}, javascriptEnabled: true, networkConnectionEnabled: false, pageLoadStrategy: normal, platform: WINDOWS, platformName: WINDOWS, proxy: Proxy(), setWindowRect: true, strictFileInteractability: false, timeouts: {implicit: 0, pageLoad: 300000, script: 30000}, unhandledPromptBehavior: dismiss and notify, webauthn:extension:credBlob: true, webauthn:extension:largeBlob: true, webauthn:virtualAuthenticators: true}
Session ID: d934bb9133def49dbd3e88906e95900e
*** Element info: {Using=xpath, value=//div[@class=&apos;calender-display&apos;]}
	at org.openqa.selenium.remote.http.W3CHttpResponseCodec.createException(W3CHttpResponseCodec.java:187)
	at org.openqa.selenium.remote.http.W3CHttpResponseCodec.decode(W3CHttpResponseCodec.java:122)
	at org.openqa.selenium.remote.http.W3CHttpResponseCodec.decode(W3CHttpResponseCodec.java:49)
	at org.openqa.selenium.remote.HttpCommandExecutor.execute(HttpCommandExecutor.java:158)
	at org.openqa.selenium.remote.service.DriverCommandExecutor.execute(DriverCommandExecutor.java:83)
	at org.openqa.selenium.remote.RemoteWebDriver.execute(RemoteWebDriver.java:552)
	at org.openqa.selenium.remote.RemoteWebDriver.findElement(RemoteWebDriver.java:323)
	at org.openqa.selenium.remote.RemoteWebDriver.findElementByXPath(RemoteWebDriver.java:428)
	at org.openqa.selenium.By$ByXPath.findElement(By.java:353)
	at org.openqa.selenium.remote.RemoteWebDriver.findElement(RemoteWebDriver.java:315)
	at webUtills.WebUtills.getElement(WebUtills.java:155)
	at webUtills.WebUtills.click_Act(WebUtills.java:467)
	at pages.UserManagment.Users.calanderMaintains(Users.java:92)
	at pages.UserManagment.Users.addUserDetails(Users.java:74)
	at testCases.TestCase_TC04.validate_AddReviewTab(TestCase_TC04.java:182)
	at java.util.ArrayList.forEach(ArrayList.java:1257)
	at runTimexml.CreateTestNGXML.writeXML(CreateTestNGXML.java:112)
	at java.util.ArrayList.forEach(ArrayList.java:1257)
... Removed 59 stack frames
</div> <!-- stack-trace -->
                </div> <!-- method-content -->
              </div> <!-- method -->
            </div> <!-- main-panel-content rounded-window-bottom -->
          </div> <!-- suite-Suite-class-failed -->
          <div class="suite-Suite-class-passed">
            <div class="main-panel-header rounded-window-top">
              <img src="passed.png"/>
              <span class="class-name">testCases.TestCase_TC04</span>
            </div> <!-- main-panel-header rounded-window-top -->
            <div class="main-panel-content rounded-window-bottom">
              <div class="method">
                <div class="method-content">
                  <a name="validateFilterByEHID">
                  </a> <!-- validateFilterByEHID -->
                  <span class="method-name">validateFilterByEHID</span>
                </div> <!-- method-content -->
              </div> <!-- method -->
              <div class="method">
                <div class="method-content">
                  <a name="validateFilterByPayType">
                  </a> <!-- validateFilterByPayType -->
                  <span class="method-name">validateFilterByPayType</span>
                </div> <!-- method-content -->
              </div> <!-- method -->
              <div class="method">
                <div class="method-content">
                  <a name="validateFilterByStatus">
                  </a> <!-- validateFilterByStatus -->
                  <span class="method-name">validateFilterByStatus</span>
                </div> <!-- method-content -->
              </div> <!-- method -->
              <div class="method">
                <div class="method-content">
                  <a name="validateShortingTab">
                  </a> <!-- validateShortingTab -->
                  <span class="method-name">validateShortingTab</span>
                </div> <!-- method-content -->
              </div> <!-- method -->
              <div class="method">
                <div class="method-content">
                  <a name="validate_ExportButton">
                  </a> <!-- validate_ExportButton -->
                  <span class="method-name">validate_ExportButton</span>
                </div> <!-- method-content -->
              </div> <!-- method -->
            </div> <!-- main-panel-content rounded-window-bottom -->
          </div> <!-- suite-Suite-class-passed -->
        </div> <!-- panel Suite -->
        <div panel-name="test-xml-Suite" class="panel">
          <div class="main-panel-header rounded-window-top">
            <span class="header-content">C:\Users\softe\eclipse-workspace\Inn-flow\Inn-flow\src\test\resources\RunTime.xml</span>
          </div> <!-- main-panel-header rounded-window-top -->
          <div class="main-panel-content rounded-window-bottom">
            <pre>
&lt;?xml version=&quot;1.0&quot; encoding=&quot;UTF-8&quot;?&gt;
&lt;!DOCTYPE suite SYSTEM &quot;https://testng.org/testng-1.0.dtd&quot;&gt;
&lt;suite name=&quot;Suite&quot;&gt;
  &lt;listeners&gt;
    &lt;listener class-name=&quot;Listeners.Listener&quot;/&gt;
  &lt;/listeners&gt;
  &lt;test thread-count=&quot;1&quot; name=&quot;Test&quot;&gt;
    &lt;classes&gt;
      &lt;class name=&quot;testCases.TestCase_TC04&quot;&gt;
        &lt;methods&gt;
          &lt;include name=&quot;validateSalaryExamptFromOT&quot;/&gt;
          &lt;include name=&quot;validateAddNewUserDetails&quot;/&gt;
          &lt;include name=&quot;validateFilterByStatus&quot;/&gt;
          &lt;include name=&quot;validate_AddReviewTab&quot;/&gt;
          &lt;include name=&quot;validateSearchBox&quot;/&gt;
          &lt;include name=&quot;validateFilterByRolls&quot;/&gt;
          &lt;include name=&quot;validateFilterByPayType&quot;/&gt;
          &lt;include name=&quot;validateFilterByEHID&quot;/&gt;
          &lt;include name=&quot;validateDocumentPage_Type&quot;/&gt;
          &lt;include name=&quot;validate_AddPTOTab&quot;/&gt;
          &lt;include name=&quot;validateShortingTab&quot;/&gt;
          &lt;include name=&quot;validate_ExportButton&quot;/&gt;
          &lt;include name=&quot;crtNewUserWithoutPayroll&quot;/&gt;
          &lt;include name=&quot;validateNonSalaryExamptFromOT&quot;/&gt;
          &lt;include name=&quot;validateDocumentPage_uploadFile&quot;/&gt;
          &lt;include name=&quot;validateEnabilityOfUserPage&quot;/&gt;
          &lt;include name=&quot;crtNewUserWithPayroll&quot;/&gt;
          &lt;include name=&quot;chakeEnabilityByclickElement&quot;/&gt;
        &lt;/methods&gt;
      &lt;/class&gt; &lt;!-- testCases.TestCase_TC04 --&gt;
    &lt;/classes&gt;
  &lt;/test&gt; &lt;!-- Test --&gt;
&lt;/suite&gt; &lt;!-- Suite --&gt;
            </pre>
          </div> <!-- main-panel-content rounded-window-bottom -->
        </div> <!-- panel -->
        <div panel-name="testlist-Suite" class="panel">
          <div class="main-panel-header rounded-window-top">
            <span class="header-content">Tests for Suite</span>
          </div> <!-- main-panel-header rounded-window-top -->
          <div class="main-panel-content rounded-window-bottom">
            <ul>
              <li>
                <span class="test-name">Test (1 class)</span>
              </li>
            </ul>
          </div> <!-- main-panel-content rounded-window-bottom -->
        </div> <!-- panel -->
        <div panel-name="group-Suite" class="panel">
          <div class="main-panel-header rounded-window-top">
            <span class="header-content">Groups for Suite</span>
          </div> <!-- main-panel-header rounded-window-top -->
          <div class="main-panel-content rounded-window-bottom">
          </div> <!-- main-panel-content rounded-window-bottom -->
        </div> <!-- panel -->
        <div panel-name="times-Suite" class="panel">
          <div class="main-panel-header rounded-window-top">
            <span class="header-content">Times for Suite</span>
          </div> <!-- main-panel-header rounded-window-top -->
          <div class="main-panel-content rounded-window-bottom">
            <div class="times-div">
              <script type="text/javascript">
suiteTableInitFunctions.push('tableData_Suite');
function tableData_Suite() {
var data = new google.visualization.DataTable();
data.addColumn('number', 'Number');
data.addColumn('string', 'Method');
data.addColumn('string', 'Class');
data.addColumn('number', 'Time (ms)');
data.addRows(18);
data.setCell(0, 0, 0)
data.setCell(0, 1, 'chakeEnabilityByclickElement')
data.setCell(0, 2, 'testCases.TestCase_TC04')
data.setCell(0, 3, 1005774);
data.setCell(1, 0, 1)
data.setCell(1, 1, 'validateShortingTab')
data.setCell(1, 2, 'testCases.TestCase_TC04')
data.setCell(1, 3, 96313);
data.setCell(2, 0, 2)
data.setCell(2, 1, 'validateAddNewUserDetails')
data.setCell(2, 2, 'testCases.TestCase_TC04')
data.setCell(2, 3, 49143);
data.setCell(3, 0, 3)
data.setCell(3, 1, 'crtNewUserWithoutPayroll')
data.setCell(3, 2, 'testCases.TestCase_TC04')
data.setCell(3, 3, 48191);
data.setCell(4, 0, 4)
data.setCell(4, 1, 'crtNewUserWithPayroll')
data.setCell(4, 2, 'testCases.TestCase_TC04')
data.setCell(4, 3, 46818);
data.setCell(5, 0, 5)
data.setCell(5, 1, 'validateSalaryExamptFromOT')
data.setCell(5, 2, 'testCases.TestCase_TC04')
data.setCell(5, 3, 46279);
data.setCell(6, 0, 6)
data.setCell(6, 1, 'validate_AddReviewTab')
data.setCell(6, 2, 'testCases.TestCase_TC04')
data.setCell(6, 3, 46060);
data.setCell(7, 0, 7)
data.setCell(7, 1, 'validateDocumentPage_Type')
data.setCell(7, 2, 'testCases.TestCase_TC04')
data.setCell(7, 3, 45854);
data.setCell(8, 0, 8)
data.setCell(8, 1, 'validate_AddPTOTab')
data.setCell(8, 2, 'testCases.TestCase_TC04')
data.setCell(8, 3, 44626);
data.setCell(9, 0, 9)
data.setCell(9, 1, 'validateDocumentPage_uploadFile')
data.setCell(9, 2, 'testCases.TestCase_TC04')
data.setCell(9, 3, 44592);
data.setCell(10, 0, 10)
data.setCell(10, 1, 'validateNonSalaryExamptFromOT')
data.setCell(10, 2, 'testCases.TestCase_TC04')
data.setCell(10, 3, 44525);
data.setCell(11, 0, 11)
data.setCell(11, 1, 'validateFilterByRolls')
data.setCell(11, 2, 'testCases.TestCase_TC04')
data.setCell(11, 3, 41558);
data.setCell(12, 0, 12)
data.setCell(12, 1, 'validateEnabilityOfUserPage')
data.setCell(12, 2, 'testCases.TestCase_TC04')
data.setCell(12, 3, 31079);
data.setCell(13, 0, 13)
data.setCell(13, 1, 'validateSearchBox')
data.setCell(13, 2, 'testCases.TestCase_TC04')
data.setCell(13, 3, 30067);
data.setCell(14, 0, 14)
data.setCell(14, 1, 'validateFilterByEHID')
data.setCell(14, 2, 'testCases.TestCase_TC04')
data.setCell(14, 3, 12695);
data.setCell(15, 0, 15)
data.setCell(15, 1, 'validateFilterByPayType')
data.setCell(15, 2, 'testCases.TestCase_TC04')
data.setCell(15, 3, 11383);
data.setCell(16, 0, 16)
data.setCell(16, 1, 'validateFilterByStatus')
data.setCell(16, 2, 'testCases.TestCase_TC04')
data.setCell(16, 3, 6744);
data.setCell(17, 0, 17)
data.setCell(17, 1, 'validate_ExportButton')
data.setCell(17, 2, 'testCases.TestCase_TC04')
data.setCell(17, 3, 4635);
window.suiteTableData['Suite']= { tableData: data, tableDiv: 'times-div-Suite'}
return data;
}
              </script>
              <span class="suite-total-time">Total running time: 27 minutes</span>
              <div id="times-div-Suite">
              </div> <!-- times-div-Suite -->
            </div> <!-- times-div -->
          </div> <!-- main-panel-content rounded-window-bottom -->
        </div> <!-- panel -->
        <div panel-name="reporter-Suite" class="panel">
          <div class="main-panel-header rounded-window-top">
            <span class="header-content">Reporter output for Suite</span>
          </div> <!-- main-panel-header rounded-window-top -->
          <div class="main-panel-content rounded-window-bottom">
          </div> <!-- main-panel-content rounded-window-bottom -->
        </div> <!-- panel -->
        <div panel-name="ignored-methods-Suite" class="panel">
          <div class="main-panel-header rounded-window-top">
            <span class="header-content">0 ignored methods</span>
          </div> <!-- main-panel-header rounded-window-top -->
          <div class="main-panel-content rounded-window-bottom">
          </div> <!-- main-panel-content rounded-window-bottom -->
        </div> <!-- panel -->
        <div panel-name="chronological-Suite" class="panel">
          <div class="main-panel-header rounded-window-top">
            <span class="header-content">Methods in chronological order</span>
          </div> <!-- main-panel-header rounded-window-top -->
          <div class="main-panel-content rounded-window-bottom">
            <div class="chronological-class">
              <div class="chronological-class-name">testCases.TestCase_TC04</div> <!-- chronological-class-name -->
              <div class="configuration-suite before">
                <span class="method-name">beforeSuit</span>
                <span class="method-start">0 ms</span>
              </div> <!-- configuration-suite before -->
              <div class="configuration-method before">
                <span class="method-name">beforeMethod(public void testCases.TestCase_TC04.validateEnabilityOfUserPage())</span>
                <span class="method-start">180 ms</span>
              </div> <!-- configuration-method before -->
              <div class="test-method">
                <img src="failed.png">
                </img>
                <span class="method-name">validateEnabilityOfUserPage</span>
                <span class="method-start">335585 ms</span>
              </div> <!-- test-method -->
              <div class="configuration-method after">
                <span class="method-name">afterMethod([TestResult name=validateEnabilityOfUserPage status=FAILURE method=TestCase_TC04.validateEnabilityOf...)</span>
                <span class="method-start">366669 ms</span>
              </div> <!-- configuration-method after -->
              <div class="configuration-method before">
                <span class="method-name">beforeMethod(public void testCases.TestCase_TC04.validateAddNewUserDetails())</span>
                <span class="method-start">370457 ms</span>
              </div> <!-- configuration-method before -->
              <div class="test-method">
                <img src="failed.png">
                </img>
                <span class="method-name">validateAddNewUserDetails</span>
                <span class="method-start">419132 ms</span>
              </div> <!-- test-method -->
              <div class="configuration-method after">
                <span class="method-name">afterMethod([TestResult name=validateAddNewUserDetails status=FAILURE method=TestCase_TC04.validateAddNewUserDet...)</span>
                <span class="method-start">468280 ms</span>
              </div> <!-- configuration-method after -->
              <div class="configuration-method before">
                <span class="method-name">beforeMethod(public void testCases.TestCase_TC04.crtNewUserWithoutPayroll())</span>
                <span class="method-start">469948 ms</span>
              </div> <!-- configuration-method before -->
              <div class="test-method">
                <img src="failed.png">
                </img>
                <span class="method-name">crtNewUserWithoutPayroll</span>
                <span class="method-start">531535 ms</span>
              </div> <!-- test-method -->
              <div class="configuration-method after">
                <span class="method-name">afterMethod([TestResult name=crtNewUserWithoutPayroll status=FAILURE method=TestCase_TC04.crtNewUserWithoutPayro...)</span>
                <span class="method-start">579726 ms</span>
              </div> <!-- configuration-method after -->
              <div class="configuration-method before">
                <span class="method-name">beforeMethod(public void testCases.TestCase_TC04.crtNewUserWithPayroll())</span>
                <span class="method-start">581322 ms</span>
              </div> <!-- configuration-method before -->
              <div class="test-method">
                <img src="failed.png">
                </img>
                <span class="method-name">crtNewUserWithPayroll</span>
                <span class="method-start">615825 ms</span>
              </div> <!-- test-method -->
              <div class="configuration-method after">
                <span class="method-name">afterMethod([TestResult name=crtNewUserWithPayroll status=FAILURE method=TestCase_TC04.crtNewUserWithPayroll()[p...)</span>
                <span class="method-start">662643 ms</span>
              </div> <!-- configuration-method after -->
              <div class="configuration-method before">
                <span class="method-name">beforeMethod(public void testCases.TestCase_TC04.chakeEnabilityByclickElement())</span>
                <span class="method-start">664981 ms</span>
              </div> <!-- configuration-method before -->
              <div class="test-method">
                <img src="failed.png">
                </img>
                <span class="method-name">chakeEnabilityByclickElement</span>
                <span class="method-start">713398 ms</span>
              </div> <!-- test-method -->
              <div class="configuration-method after">
                <span class="method-name">afterMethod([TestResult name=chakeEnabilityByclickElement status=FAILURE method=TestCase_TC04.chakeEnabilityBycl...)</span>
                <span class="method-start">1719172 ms</span>
              </div> <!-- configuration-method after -->
              <div class="configuration-method before">
                <span class="method-name">beforeMethod(public void testCases.TestCase_TC04.validateSearchBox())</span>
                <span class="method-start">1723058 ms</span>
              </div> <!-- configuration-method before -->
              <div class="test-method">
                <img src="failed.png">
                </img>
                <span class="method-name">validateSearchBox</span>
                <span class="method-start">30710312 ms</span>
              </div> <!-- test-method -->
              <div class="configuration-method after">
                <span class="method-name">afterMethod([TestResult name=validateSearchBox status=FAILURE method=TestCase_TC04.validateSearchBox()[pri:6, in...)</span>
                <span class="method-start">30740379 ms</span>
              </div> <!-- configuration-method after -->
              <div class="configuration-method before">
                <span class="method-name">beforeMethod(public void testCases.TestCase_TC04.validateFilterByStatus())</span>
                <span class="method-start">30741554 ms</span>
              </div> <!-- configuration-method before -->
              <div class="test-method">
                <span class="method-name">validateFilterByStatus</span>
                <span class="method-start">30781627 ms</span>
              </div> <!-- test-method -->
              <div class="configuration-method after">
                <span class="method-name">afterMethod([TestResult name=validateFilterByStatus status=SUCCESS method=TestCase_TC04.validateFilterByStatus()...)</span>
                <span class="method-start">30788371 ms</span>
              </div> <!-- configuration-method after -->
              <div class="configuration-method before">
                <span class="method-name">beforeMethod(public void testCases.TestCase_TC04.validateFilterByEHID())</span>
                <span class="method-start">30789017 ms</span>
              </div> <!-- configuration-method before -->
              <div class="test-method">
                <span class="method-name">validateFilterByEHID</span>
                <span class="method-start">30798584 ms</span>
              </div> <!-- test-method -->
              <div class="configuration-method after">
                <span class="method-name">afterMethod([TestResult name=validateFilterByEHID status=SUCCESS method=TestCase_TC04.validateFilterByEHID()[pri...)</span>
                <span class="method-start">30811279 ms</span>
              </div> <!-- configuration-method after -->
              <div class="configuration-method before">
                <span class="method-name">beforeMethod(public void testCases.TestCase_TC04.validateFilterByRolls())</span>
                <span class="method-start">30812057 ms</span>
              </div> <!-- configuration-method before -->
              <div class="test-method">
                <img src="failed.png">
                </img>
                <span class="method-name">validateFilterByRolls</span>
                <span class="method-start">30824548 ms</span>
              </div> <!-- test-method -->
              <div class="configuration-method after">
                <span class="method-name">afterMethod([TestResult name=validateFilterByRolls status=FAILURE method=TestCase_TC04.validateFilterByRolls()[p...)</span>
                <span class="method-start">30866106 ms</span>
              </div> <!-- configuration-method after -->
              <div class="configuration-method before">
                <span class="method-name">beforeMethod(public void testCases.TestCase_TC04.validateFilterByPayType())</span>
                <span class="method-start">30867580 ms</span>
              </div> <!-- configuration-method before -->
              <div class="test-method">
                <span class="method-name">validateFilterByPayType</span>
                <span class="method-start">30877579 ms</span>
              </div> <!-- test-method -->
              <div class="configuration-method after">
                <span class="method-name">afterMethod([TestResult name=validateFilterByPayType status=SUCCESS method=TestCase_TC04.validateFilterByPayType...)</span>
                <span class="method-start">30888962 ms</span>
              </div> <!-- configuration-method after -->
              <div class="configuration-method before">
                <span class="method-name">beforeMethod(public void testCases.TestCase_TC04.validateShortingTab())</span>
                <span class="method-start">30889727 ms</span>
              </div> <!-- configuration-method before -->
              <div class="test-method">
                <span class="method-name">validateShortingTab</span>
                <span class="method-start">30900998 ms</span>
              </div> <!-- test-method -->
              <div class="configuration-method after">
                <span class="method-name">afterMethod([TestResult name=validateShortingTab status=SUCCESS method=TestCase_TC04.validateShortingTab()[pri:1...)</span>
                <span class="method-start">30997313 ms</span>
              </div> <!-- configuration-method after -->
              <div class="configuration-method before">
                <span class="method-name">beforeMethod(public void testCases.TestCase_TC04.validate_AddPTOTab())</span>
                <span class="method-start">30998299 ms</span>
              </div> <!-- configuration-method before -->
              <div class="test-method">
                <img src="failed.png">
                </img>
                <span class="method-name">validate_AddPTOTab</span>
                <span class="method-start">31008186 ms</span>
              </div> <!-- test-method -->
              <div class="configuration-method after">
                <span class="method-name">afterMethod([TestResult name=validate_AddPTOTab status=FAILURE method=TestCase_TC04.validate_AddPTOTab()[pri:12,...)</span>
                <span class="method-start">31052812 ms</span>
              </div> <!-- configuration-method after -->
              <div class="configuration-method before">
                <span class="method-name">beforeMethod(public void testCases.TestCase_TC04.validate_AddReviewTab())</span>
                <span class="method-start">31054298 ms</span>
              </div> <!-- configuration-method before -->
              <div class="test-method">
                <img src="failed.png">
                </img>
                <span class="method-name">validate_AddReviewTab</span>
                <span class="method-start">31064774 ms</span>
              </div> <!-- test-method -->
              <div class="configuration-method after">
                <span class="method-name">afterMethod([TestResult name=validate_AddReviewTab status=FAILURE method=TestCase_TC04.validate_AddReviewTab()[p...)</span>
                <span class="method-start">31110834 ms</span>
              </div> <!-- configuration-method after -->
              <div class="configuration-method before">
                <span class="method-name">beforeMethod(public void testCases.TestCase_TC04.validateDocumentPage_Type())</span>
                <span class="method-start">31112381 ms</span>
              </div> <!-- configuration-method before -->
              <div class="test-method">
                <img src="failed.png">
                </img>
                <span class="method-name">validateDocumentPage_Type</span>
                <span class="method-start">31122885 ms</span>
              </div> <!-- test-method -->
              <div class="configuration-method after">
                <span class="method-name">afterMethod([TestResult name=validateDocumentPage_Type status=FAILURE method=TestCase_TC04.validateDocumentPage_...)</span>
                <span class="method-start">31168740 ms</span>
              </div> <!-- configuration-method after -->
              <div class="configuration-method before">
                <span class="method-name">beforeMethod(public void testCases.TestCase_TC04.validate_ExportButton())</span>
                <span class="method-start">31170325 ms</span>
              </div> <!-- configuration-method before -->
              <div class="test-method">
                <span class="method-name">validate_ExportButton</span>
                <span class="method-start">31181482 ms</span>
              </div> <!-- test-method -->
              <div class="configuration-method after">
                <span class="method-name">afterMethod([TestResult name=validate_ExportButton status=SUCCESS method=TestCase_TC04.validate_ExportButton()[p...)</span>
                <span class="method-start">31186117 ms</span>
              </div> <!-- configuration-method after -->
              <div class="configuration-method before">
                <span class="method-name">beforeMethod(public void testCases.TestCase_TC04.validateDocumentPage_uploadFile())</span>
                <span class="method-start">31186869 ms</span>
              </div> <!-- configuration-method before -->
              <div class="test-method">
                <img src="failed.png">
                </img>
                <span class="method-name">validateDocumentPage_uploadFile</span>
                <span class="method-start">31197940 ms</span>
              </div> <!-- test-method -->
              <div class="configuration-method after">
                <span class="method-name">afterMethod([TestResult name=validateDocumentPage_uploadFile status=FAILURE method=TestCase_TC04.validateDocumen...)</span>
                <span class="method-start">31242532 ms</span>
              </div> <!-- configuration-method after -->
              <div class="configuration-method before">
                <span class="method-name">beforeMethod(public void testCases.TestCase_TC04.validateSalaryExamptFromOT())</span>
                <span class="method-start">31243799 ms</span>
              </div> <!-- configuration-method before -->
              <div class="test-method">
                <img src="failed.png">
                </img>
                <span class="method-name">validateSalaryExamptFromOT</span>
                <span class="method-start">31254961 ms</span>
              </div> <!-- test-method -->
              <div class="configuration-method after">
                <span class="method-name">afterMethod([TestResult name=validateSalaryExamptFromOT status=FAILURE method=TestCase_TC04.validateSalaryExampt...)</span>
                <span class="method-start">31301241 ms</span>
              </div> <!-- configuration-method after -->
              <div class="configuration-method before">
                <span class="method-name">beforeMethod(public void testCases.TestCase_TC04.validateNonSalaryExamptFromOT())</span>
                <span class="method-start">31302793 ms</span>
              </div> <!-- configuration-method before -->
              <div class="test-method">
                <img src="failed.png">
                </img>
                <span class="method-name">validateNonSalaryExamptFromOT</span>
                <span class="method-start">31313385 ms</span>
              </div> <!-- test-method -->
              <div class="configuration-method after">
                <span class="method-name">afterMethod([TestResult name=validateNonSalaryExamptFromOT status=FAILURE method=TestCase_TC04.validateNonSalary...)</span>
                <span class="method-start">31357910 ms</span>
              </div> <!-- configuration-method after -->
              <div class="configuration-suite after">
                <span class="method-name">afterSuit</span>
                <span class="method-start">31359564 ms</span>
              </div> <!-- configuration-suite after -->
          </div> <!-- main-panel-content rounded-window-bottom -->
        </div> <!-- panel -->
      </div> <!-- main-panel-root -->
    </div> <!-- wrapper -->
  </body>
<script type="text/javascript" src="testng-reports2.js"></script>
</html>
