<?xml version="1.0" encoding="UTF-8"?>
<!-- Generated by org.testng.reporters.JUnitXMLReporter -->
<testsuite hostname="SURAJ" ignored="10" name="Test(failed)(failed)(failed)(failed)" tests="1" failures="1" timestamp="2022-03-23T15:58:54 IST" time="71.78" errors="0">
  <testcase name="validateFilterByRolls" time="40.76" classname="testCases.TestCase_TC04">
    <failure type="org.openqa.selenium.NoSuchElementException" message="no such element: Unable to locate element: {&amp;quot;method&amp;quot;:&amp;quot;xpath&amp;quot;,&amp;quot;selector&amp;quot;:&amp;quot;//div/span[contains(text(),&amp;apos;Administrator&amp;apos;)]&amp;quot;}
  (Session info: chrome=99.0.4844.82)
For documentation on this error, please visit: https://www.seleniumhq.org/exceptions/no_such_element.html
Build info: version: &amp;apos;3.141.59&amp;apos;, revision: &amp;apos;e82be7d358&amp;apos;, time: &amp;apos;2018-11-14T08:17:03&amp;apos;
System info: host: &amp;apos;SURAJ&amp;apos;, ip: &amp;apos;192.168.43.26&amp;apos;, os.name: &amp;apos;Windows 10&amp;apos;, os.arch: &amp;apos;amd64&amp;apos;, os.version: &amp;apos;10.0&amp;apos;, java.version: &amp;apos;1.8.0_202&amp;apos;
Driver info: org.openqa.selenium.chrome.ChromeDriver
Capabilities {acceptInsecureCerts: false, browserName: chrome, browserVersion: 99.0.4844.82, chrome: {chromedriverVersion: 99.0.4844.51 (d537ec02474b5..., userDataDir: C:\Users\softe\AppData\Loca...}, goog:chromeOptions: {debuggerAddress: localhost:52853}, javascriptEnabled: true, networkConnectionEnabled: false, pageLoadStrategy: normal, platform: WINDOWS, platformName: WINDOWS, proxy: Proxy(), setWindowRect: true, strictFileInteractability: false, timeouts: {implicit: 0, pageLoad: 300000, script: 30000}, unhandledPromptBehavior: dismiss and notify, webauthn:extension:credBlob: true, webauthn:extension:largeBlob: true, webauthn:virtualAuthenticators: true}
Session ID: d4810d23ce35f25334013004497423c7
*** Element info: {Using=xpath, value=//div/span[contains(text(),&amp;apos;Administrator&amp;apos;)]}">
      <![CDATA[org.openqa.selenium.NoSuchElementException: no such element: Unable to locate element: {"method":"xpath","selector":"//div/span[contains(text(),'Administrator')]"}
  (Session info: chrome=99.0.4844.82)
For documentation on this error, please visit: https://www.seleniumhq.org/exceptions/no_such_element.html
Build info: version: '3.141.59', revision: 'e82be7d358', time: '2018-11-14T08:17:03'
System info: host: 'SURAJ', ip: '192.168.43.26', os.name: 'Windows 10', os.arch: 'amd64', os.version: '10.0', java.version: '1.8.0_202'
Driver info: org.openqa.selenium.chrome.ChromeDriver
Capabilities {acceptInsecureCerts: false, browserName: chrome, browserVersion: 99.0.4844.82, chrome: {chromedriverVersion: 99.0.4844.51 (d537ec02474b5..., userDataDir: C:\Users\softe\AppData\Loca...}, goog:chromeOptions: {debuggerAddress: localhost:52853}, javascriptEnabled: true, networkConnectionEnabled: false, pageLoadStrategy: normal, platform: WINDOWS, platformName: WINDOWS, proxy: Proxy(), setWindowRect: true, strictFileInteractability: false, timeouts: {implicit: 0, pageLoad: 300000, script: 30000}, unhandledPromptBehavior: dismiss and notify, webauthn:extension:credBlob: true, webauthn:extension:largeBlob: true, webauthn:virtualAuthenticators: true}
Session ID: d4810d23ce35f25334013004497423c7
*** Element info: {Using=xpath, value=//div/span[contains(text(),'Administrator')]}
at org.openqa.selenium.remote.http.W3CHttpResponseCodec.createException(W3CHttpResponseCodec.java:187)
at org.openqa.selenium.remote.http.W3CHttpResponseCodec.decode(W3CHttpResponseCodec.java:122)
at org.openqa.selenium.remote.http.W3CHttpResponseCodec.decode(W3CHttpResponseCodec.java:49)
at org.openqa.selenium.remote.HttpCommandExecutor.execute(HttpCommandExecutor.java:158)
at org.openqa.selenium.remote.service.DriverCommandExecutor.execute(DriverCommandExecutor.java:83)
at org.openqa.selenium.remote.RemoteWebDriver.execute(RemoteWebDriver.java:552)
at org.openqa.selenium.remote.RemoteWebDriver.findElement(RemoteWebDriver.java:323)
at org.openqa.selenium.remote.RemoteWebDriver.findElementByXPath(RemoteWebDriver.java:428)
at org.openqa.selenium.By$ByXPath.findElement(By.java:353)
at org.openqa.selenium.remote.RemoteWebDriver.findElement(RemoteWebDriver.java:315)
at webUtills.WebUtills.getElement(WebUtills.java:155)
at webUtills.WebUtills.verifyText(WebUtills.java:207)
at pages.UserManagment.Users.filterByRollsAndValidate(Users.java:163)
at testCases.TestCase_TC04.validateFilterByRolls(TestCase_TC04.java:129)
at java.util.ArrayList.forEach(ArrayList.java:1257)
... Removed 31 stack frames]]>
    </failure>
  </testcase> <!-- validateFilterByRolls -->
  <testcase name="validateShortingTab" time="0.0" classname="testCases.TestCase_TC04">
    <ignored/>
  </testcase> <!-- validateShortingTab -->
  <testcase name="validateAddNewUserDetails" time="0.0" classname="testCases.TestCase_TC04">
    <ignored/>
  </testcase> <!-- validateAddNewUserDetails -->
  <testcase name="crtNewUserWithPayroll" time="0.0" classname="testCases.TestCase_TC04">
    <ignored/>
  </testcase> <!-- crtNewUserWithPayroll -->
  <testcase name="validateFilterByPayType" time="0.0" classname="testCases.TestCase_TC04">
    <ignored/>
  </testcase> <!-- validateFilterByPayType -->
  <testcase name="validateFilterByEHID" time="0.0" classname="testCases.TestCase_TC04">
    <ignored/>
  </testcase> <!-- validateFilterByEHID -->
  <testcase name="validateFilterByStatus" time="0.0" classname="testCases.TestCase_TC04">
    <ignored/>
  </testcase> <!-- validateFilterByStatus -->
  <testcase name="validateSearchBox" time="0.0" classname="testCases.TestCase_TC04">
    <ignored/>
  </testcase> <!-- validateSearchBox -->
  <testcase name="chakeEnabilityByclickElement" time="0.0" classname="testCases.TestCase_TC04">
    <ignored/>
  </testcase> <!-- chakeEnabilityByclickElement -->
  <testcase name="crtNewUserWithoutPayroll" time="0.0" classname="testCases.TestCase_TC04">
    <ignored/>
  </testcase> <!-- crtNewUserWithoutPayroll -->
  <testcase name="validateEnabilityOfUserPage" time="0.0" classname="testCases.TestCase_TC04">
    <ignored/>
  </testcase> <!-- validateEnabilityOfUserPage -->
</testsuite> <!-- Test(failed)(failed)(failed)(failed) -->
